<?xml version="1.0" encoding="UTF-8" ?>
<testsuite errors="1" failures="0" hostname="DESKTOP-NG93QM6" name="test.CalculatorTest" skipped="0" tests="1" time="0.141" timestamp="2019-04-29T12:12:41">
  <properties>
[...]
</properties>
  <testcase classname="test.CalculatorTest" name="initializationError" time="0.016">
    <error message="No runnable methods" type="java.lang.Exception">java.lang.Exception: No runnable methods
	at java.lang.reflect.Constructor.newInstance(Unknown Source)
</error>
  </testcase>
  <system-out><![CDATA[]]></system-out>
  <system-err><![CDATA[]]></system-err>
</testsuite>
